[
    [
        "Aggregate  (cost=3979.07..3979.08 rows=1 width=32) (actual time=304.072..304.074 rows=1 loops=1)"
    ],
    [
        "  ->  Nested Loop  (cost=1.71..3979.05 rows=7 width=17) (actual time=2.285..303.474 rows=7834 loops=1)"
    ],
    [
        "        Join Filter: (mc.movie_id = t.id)"
    ],
    [
        "        ->  Nested Loop  (cost=1.28..3975.55 rows=7 width=8) (actual time=2.247..287.268 rows=7834 loops=1)"
    ],
    [
        "              ->  Nested Loop  (cost=0.86..3894.84 rows=181 width=12) (actual time=1.230..134.203 rows=148552 loops=1)"
    ],
    [
        "                    ->  Nested Loop  (cost=0.43..3874.69 rows=34 width=4) (actual time=1.177..33.279 rows=41840 loops=1)"
    ],
    [
        "                          ->  Seq Scan on keyword k  (cost=0.00..2626.12 rows=1 width=4) (actual time=1.128..7.280 rows=1 loops=1)"
    ],
    [
        "                                Filter: (keyword = 'character-name-in-title'::text)"
    ],
    [
        "                                Rows Removed by Filter: 134169"
    ],
    [
        "                          ->  Index Scan using keyword_id_movie_keyword on movie_keyword mk  (cost=0.43..1245.48 rows=309 width=8) (actual time=0.044..23.217 rows=41840 loops=1)"
    ],
    [
        "                                Index Cond: (keyword_id = k.id)"
    ],
    [
        "                    ->  Index Scan using movie_id_movie_companies on movie_companies mc  (cost=0.43..0.54 rows=5 width=8) (actual time=0.001..0.002 rows=4 loops=41840)"
    ],
    [
        "                          Index Cond: (movie_id = mk.movie_id)"
    ],
    [
        "              ->  Index Scan using company_name_pkey on company_name cn  (cost=0.42..0.45 rows=1 width=4) (actual time=0.001..0.001 rows=0 loops=148552)"
    ],
    [
        "                    Index Cond: (id = mc.company_id)"
    ],
    [
        "                    Filter: ((country_code)::text = '[de]'::text)"
    ],
    [
        "                    Rows Removed by Filter: 1"
    ],
    [
        "        ->  Index Scan using title_pkey on title t  (cost=0.43..0.49 rows=1 width=21) (actual time=0.002..0.002 rows=1 loops=7834)"
    ],
    [
        "              Index Cond: (id = mk.movie_id)"
    ],
    [
        "Planning Time: 6.975 ms"
    ],
    [
        "Execution Time: 304.225 ms"
    ]
]